<?xml version="1.0" encoding="UTF-8"?>
<robot generator="Robot 6.0.2 (Python 3.8.2 on darwin)" generated="20230316 13:33:07.062" rpa="false" schemaversion="3">
    <suite id="s1" name="Robot Test" source="/Users/pierocrisci/PycharmProjects/TEST_SUITE/robot_test.robot">
        <test id="s1-t1" name="Google Search" line="18">
            <kw name="Get From Dictionary" library="Collections">
                <var>${value}</var>
                <arg>@{dizionario}</arg>
                <arg>Cognome</arg>
                <doc>Returns a value from the given ``dictionary`` based on the given ``key``.</doc>
                <msg timestamp="20230316 13:33:09.601" level="INFO">${value} = Crisci</msg>
                <status status="PASS" starttime="20230316 13:33:09.600" endtime="20230316 13:33:09.601"/>
            </kw>
<for flavor="IN">
<var>${ele}</var>
<value>@{dizionario}</value>
<iter>
<var name="${ele}">{'nome': 'Piero', 'Cognome': 'Crisci'}</var>
<kw name="Log To Console" library="BuiltIn">
<arg>${ele}[Cognome]</arg>
<doc>Logs the given message to the console.</doc>
    <status status="PASS" starttime="20230316 13:33:09.601" endtime="20230316 13:33:09.602"/>
</kw>
    <status status="PASS" starttime="20230316 13:33:09.601" endtime="20230316 13:33:09.602"/>
</iter>
    <status status="PASS" starttime="20230316 13:33:09.601" endtime="20230316 13:33:09.602"/>
</for>
            <status status="PASS" starttime="20230316 13:33:09.599" endtime="20230316 13:33:09.602"/>
</test>
        <status status="PASS" starttime="20230316 13:33:07.065" endtime="20230316 13:33:09.603"/>
</suite>
<statistics>
<total>
<stat pass="1" fail="0" skip="0">All Tests</stat>
</total>
<tag>
</tag>
<suite>
<stat pass="1" fail="0" skip="0" id="s1" name="Robot Test">Robot Test</stat>
</suite>
</statistics>
<errors>
</errors>
</robot>
